\BOOKMARK [0][-]{section*.2}{Preamble}{}% 1
\BOOKMARK [0][-]{chapter.1}{The Legislative Branch}{}% 2
\BOOKMARK [1][-]{section.1.1}{The Legislature}{chapter.1}% 3
\BOOKMARK [1][-]{section.1.2}{The House}{chapter.1}% 4
\BOOKMARK [1][-]{section.1.3}{The Senate}{chapter.1}% 5
\BOOKMARK [1][-]{section.1.4}{Elections, Meetings}{chapter.1}% 6
\BOOKMARK [1][-]{section.1.5}{Membership, Rules, Journals, Adjournment}{chapter.1}% 7
\BOOKMARK [1][-]{section.1.6}{Compensation}{chapter.1}% 8
\BOOKMARK [1][-]{section.1.7}{Revenue Bills, Legislative Process, Presidential Veto}{chapter.1}% 9
\BOOKMARK [1][-]{section.1.8}{Powers of Congress}{chapter.1}% 10
\BOOKMARK [1][-]{section.1.9}{Limits on Congress}{chapter.1}% 11
\BOOKMARK [1][-]{section.1.10}{Powers Prohibited of States}{chapter.1}% 12
\BOOKMARK [1][-]{section.1.11}{Limit on States Enforceable by Congress}{chapter.1}% 13
\BOOKMARK [0][-]{chapter.2}{The Executive Branch}{}% 14
\BOOKMARK [1][-]{section.2.1}{The President}{chapter.2}% 15
\BOOKMARK [1][-]{section.2.2}{Civilian Power Over Military, Cabinet, Pardon Power, Diplomacy, Appointments}{chapter.2}% 16
\BOOKMARK [1][-]{section.2.3}{State of the Union, Convening Congress}{chapter.2}% 17
\BOOKMARK [1][-]{section.2.4}{Disqualification}{chapter.2}% 18
\BOOKMARK [0][-]{chapter.3}{The Judicial Branch}{}% 19
\BOOKMARK [1][-]{section.3.1}{Judicial powers}{chapter.3}% 20
\BOOKMARK [1][-]{section.3.2}{Trial by Jury, Original Jurisdiction, Jury Trials}{chapter.3}% 21
\BOOKMARK [1][-]{section.3.3}{Treason}{chapter.3}% 22
\BOOKMARK [0][-]{chapter.4}{The States}{}% 23
\BOOKMARK [1][-]{section.4.1}{Each State to Honor all Others}{chapter.4}% 24
\BOOKMARK [1][-]{section.4.2}{State Citizens, Extradition}{chapter.4}% 25
\BOOKMARK [1][-]{section.4.3}{New States}{chapter.4}% 26
\BOOKMARK [1][-]{section.4.4}{Republican Government}{chapter.4}% 27
\BOOKMARK [0][-]{chapter.5}{Amendment}{}% 28
\BOOKMARK [0][-]{chapter.6}{Debts, Supremacy, Oaths}{}% 29
\BOOKMARK [0][-]{chapter.7}{Powers of the States and People}{}% 30
\BOOKMARK [0][-]{chapter.8}{Ratification}{}% 31
